0 info it worked if it ends with ok
1 verbose cli [ 'D:\\NodeJs\\node.exe',
1 verbose cli   'D:\\NodeJs\\node_modules\\npm\\bin\\npm-cli.js',
1 verbose cli   'run',
1 verbose cli   'serve' ]
2 info using npm@3.10.10
3 info using node@v6.10.1
4 verbose run-script [ 'preserve', 'serve', 'postserve' ]
5 info lifecycle autowired@1.0.0~preserve: autowired@1.0.0
6 silly lifecycle autowired@1.0.0~preserve: no script for preserve, continuing
7 info lifecycle autowired@1.0.0~serve: autowired@1.0.0
8 verbose lifecycle autowired@1.0.0~serve: unsafe-perm in lifecycle true
9 verbose lifecycle autowired@1.0.0~serve: PATH: D:\NodeJs\node_modules\npm\bin\node-gyp-bin;D:\TS-AutoWired\node_modules\.bin;C:\Windows\system32;C:\Windows;C:\Windows\System32\Wbem;C:\Windows\System32\WindowsPowerShell\v1.0\;D:\NodeJs\;C:\Users\zengl\AppData\Roaming\npm
10 verbose lifecycle autowired@1.0.0~serve: CWD: D:\TS-AutoWired
11 silly lifecycle autowired@1.0.0~serve: Args: [ '/d /s /c', 'lite-server -c=bs-config.json' ]
12 verbose stack Error: kill ENOSYS
12 verbose stack     at exports._errnoException (util.js:1018:11)
12 verbose stack     at process.kill (internal/process.js:190:13)
12 verbose stack     at process.listener (D:\NodeJs\node_modules\npm\node_modules\npmlog\node_modules\gauge\node_modules\signal-exit\index.js:86:15)
12 verbose stack     at emitNone (events.js:91:20)
12 verbose stack     at process.emit (events.js:185:7)
12 verbose stack     at processEmit (D:\NodeJs\node_modules\npm\node_modules\npmlog\node_modules\gauge\node_modules\signal-exit\index.js:146:32)
12 verbose stack     at processEmit (D:\NodeJs\node_modules\npm\node_modules\npm-registry-client\node_modules\npmlog\node_modules\gauge\node_modules\signal-exit\index.js:146:32)
12 verbose stack     at Signal.wrap.onsignal (internal/process.js:217:44)
13 verbose cwd D:\TS-AutoWired\src
14 error Windows_NT 6.1.7601
15 error argv "D:\\NodeJs\\node.exe" "D:\\NodeJs\\node_modules\\npm\\bin\\npm-cli.js" "run" "serve"
16 error node v6.10.1
17 error npm  v3.10.10
18 error code ENOSYS
19 error errno ENOSYS
20 error syscall kill
21 error kill ENOSYS
22 error If you need help, you may report this error at:
22 error     <https://github.com/npm/npm/issues>
23 verbose exit [ 1, true ]
